This is LuaTeX, Version beta-0.76.0-2013121407 (rev 4627)  (format=lualatex 2014.5.28)  15 JUN 2014 20:31
 \write18 enabled.
**technological-research.tex
(./technological-research.tex
LaTeX2e <2011/06/27>
Babel <3.9h> and hyphenation patterns for 78 languages loaded.
! Undefined control sequence.
l.1 \chapter
          {Technological Research}\label{cha:research}
The control sequence at the end of the top line
of your error message was never \def'ed. If you have
misspelled it (e.g., `\hobx'), type `I' and the correct
spelling (e.g., `I\hbox'). Otherwise just continue,
and I'll forget about whatever was undefined.


! LaTeX Error: Missing \begin{document}.

See the LaTeX manual or LaTeX Companion for explanation.
Type  H <return>  for immediate help.
 ...                                              
                                                  
l.1 \chapter{T
            echnological Research}\label{cha:research}
You're in trouble here.  Try typing  <return>  to proceed.
If that doesn't work, type  X <return>  to quit.


Overfull \hbox (20.0pt too wide) in paragraph at lines 1--2
[][]Technological
 []

! Undefined control sequence.
l.3 \section
          {Overview}
The control sequence at the end of the top line
of your error message was never \def'ed. If you have
misspelled it (e.g., `\hobx'), type `I' and the correct
spelling (e.g., `I\hbox'). Otherwise just continue,
and I'll forget about whatever was undefined.


! LaTeX Error: Missing \begin{document}.

See the LaTeX manual or LaTeX Companion for explanation.
Type  H <return>  for immediate help.
 ...                                              
                                                  
l.3 \section{O
            verview}
You're in trouble here.  Try typing  <return>  to proceed.
If that doesn't work, type  X <return>  to quit.


Overfull \hbox (20.0pt too wide) in paragraph at lines 3--4
[][]Overview 
 []


! LaTeX Error: Missing \begin{document}.

See the LaTeX manual or LaTeX Companion for explanation.
Type  H <return>  for immediate help.
 ...                                              
                                                  
l.5 T
   his chapter presents the results of the initial technological research do...
You're in trouble here.  Try typing  <return>  to proceed.
If that doesn't work, type  X <return>  to quit.


Overfull \hbox (20.0pt too wide) in paragraph at lines 5--6
[][]This
 []


! LaTeX Error: Missing \begin{document}.

See the LaTeX manual or LaTeX Companion for explanation.
Type  H <return>  for immediate help.
 ...                                              
                                                  
l.7 T
   he list of tools and frameworks used on the project is the following:
You're in trouble here.  Try typing  <return>  to proceed.
If that doesn't work, type  X <return>  to quit.


Overfull \hbox (20.0pt too wide) in paragraph at lines 7--8
[][]The
 []


! LaTeX Error: Missing \begin{document}.

See the LaTeX manual or LaTeX Companion for explanation.
Type  H <return>  for immediate help.
 ...                                              
                                                  
l.9 \begin{itemize}
                 
You're in trouble here.  Try typing  <return>  to proceed.
If that doesn't work, type  X <return>  to quit.


Overfull \hbox (20.0pt too wide) in paragraph at lines 9--9
[][] 
 []

! Undefined control sequence.
l.21 \section
           {RDF}
The control sequence at the end of the top line
of your error message was never \def'ed. If you have
misspelled it (e.g., `\hobx'), type `I' and the correct
spelling (e.g., `I\hbox'). Otherwise just continue,
and I'll forget about whatever was undefined.


Overfull \hbox (20.0pt too wide) in paragraph at lines 21--22
[][]RDF 
 []


Overfull \hbox (20.0pt too wide) in paragraph at lines 23--24
[][]RDF
 []

\citation{rdfprimer11}
! Undefined control sequence.
<write> ... Warning: Citation `\@citeb ' on page \thepage 
                                                  \space undefined\on@line .
l.25 ...ften known as Linked Data \cite{rdfprimer11}
                                                  .
The control sequence at the end of the top line
of your error message was never \def'ed. If you have
misspelled it (e.g., `\hobx'), type `I' and the correct
spelling (e.g., `I\hbox'). Otherwise just continue,
and I'll forget about whatever was undefined.


LaTeX Warning: Citation `rdfprimer11' on page  undefined on input line 25.


Overfull \hbox (20.0pt too wide) in paragraph at lines 25--26
[][]RDF
 []


Overfull \hbox (5.43053pt too wide) in paragraph at lines 25--26
[[]]. 
 []


Overfull \hbox (20.0pt too wide) in paragraph at lines 27--28
[][]There
 []


Overfull \hbox (20.0pt too wide) in paragraph at lines 29--29
[][] 
 []

! Undefined control sequence.
l.38 \subsection
              *{RDF data model}
The control sequence at the end of the top line
of your error message was never \def'ed. If you have
misspelled it (e.g., `\hobx'), type `I' and the correct
spelling (e.g., `I\hbox'). Otherwise just continue,
and I'll forget about whatever was undefined.


Overfull \hbox (20.0pt too wide) in paragraph at lines 38--39
[][]*RDF
 []


Overfull \hbox (20.0pt too wide) in paragraph at lines 40--41
[][]Data
 []


Overfull \hbox (26.96092pt too wide) in paragraph at lines 40--41
\OT1/cmr/m/it/10 triples
 []


Overfull \hbox (21.1471pt too wide) in paragraph at lines 40--41
\OT1/cmr/bx/n/10 sub-
 []


Overfull \hbox (18.36797pt too wide) in paragraph at lines 40--41
\OT1/cmr/bx/n/10 ject
 []


Overfull \hbox (15.97214pt too wide) in paragraph at lines 40--41
\OT1/cmr/bx/n/10 ob-
 []


Overfull \hbox (18.36797pt too wide) in paragraph at lines 40--41
\OT1/cmr/bx/n/10 ject
 []


Overfull \hbox (26.61794pt too wide) in paragraph at lines 40--41
\OT1/cmr/bx/n/10 pred-
 []


Overfull \hbox (7.02774pt too wide) in paragraph at lines 40--41
\OT1/cmr/bx/n/10 i-
 []


Overfull \hbox (20.44432pt too wide) in paragraph at lines 40--41
\OT1/cmr/bx/n/10 cate
 []

! Undefined control sequence.
<write> ...ing: Reference `fig:rdfgraph' on page \thepage 
                                                  \space undefined\on@line .
l.42 ...\textbf{graph}, in figure \ref{fig:rdfgraph}
                                                   we can se an example of a...
The control sequence at the end of the top line
of your error message was never \def'ed. If you have
misspelled it (e.g., `\hobx'), type `I' and the correct
spelling (e.g., `I\hbox'). Otherwise just continue,
and I'll forget about whatever was undefined.


LaTeX Warning: Reference `fig:rdfgraph' on page  undefined on input line 42.


Overfull \hbox (20.0pt too wide) in paragraph at lines 42--43
[][]The
 []


Overfull \hbox (28.854pt too wide) in paragraph at lines 42--43
\OT1/cmr/bx/n/10 graph\nullfont ,
 []


Overfull \hbox (10.86105pt too wide) in paragraph at lines 42--43
[]
 []


! LaTeX Error: Environment figure undefined.

See the LaTeX manual or LaTeX Companion for explanation.
Type  H <return>  for immediate help.
 ...                                              
                                                  
l.44 \begin{figure}
                 
Your command was ignored.
Type  I <command> <return>  to replace it with another command,
or  <return>  to continue without it.

! Undefined control sequence.
l.46   \includegraphics
                     [width=.6\textwidth]{fig/rdfgraph}
The control sequence at the end of the top line
of your error message was never \def'ed. If you have
misspelled it (e.g., `\hobx'), type `I' and the correct
spelling (e.g., `I\hbox'). Otherwise just continue,
and I'll forget about whatever was undefined.

! Missing number, treated as zero.
<to be read again> 
]
l.46   \includegraphics[width=.6\textwidth]
                                         {fig/rdfgraph}
A number should have been here; I inserted `0'.
(If you can't figure out why I needed to see a number,
look up `weird error' in the index to The TeXbook.)

! Illegal unit of measure (pt inserted).
<to be read again> 
]
l.46   \includegraphics[width=.6\textwidth]
                                         {fig/rdfgraph}
Dimensions can be in units of em, ex, in, pt, pc,
cm, mm, dd, cc, nd, nc, bp, or sp; but yours is a new one!
I'll assume that you meant to say pt, for printer's points.
To recover gracefully from this error, it's best to
delete the erroneous units; e.g., type `2' to delete
two letters. (See Chapter 27 of The TeXbook.)


! LaTeX Error: \caption outside float.

See the LaTeX manual or LaTeX Companion for explanation.
Type  H <return>  for immediate help.
 ...                                              
                                                  
l.47   \caption
             {A set of triples and their corresponding graph}
You're in trouble here.  Try typing  <return>  to proceed.
If that doesn't work, type  X <return>  to quit.

! Undefined control sequence.
l.48   \captionsetup
                  {font={footnotesize,bf,it}}
The control sequence at the end of the top line
of your error message was never \def'ed. If you have
misspelled it (e.g., `\hobx'), type `I' and the correct
spelling (e.g., `I\hbox'). Otherwise just continue,
and I'll forget about whatever was undefined.


! LaTeX Error: \caption outside float.

See the LaTeX manual or LaTeX Companion for explanation.
Type  H <return>  for immediate help.
 ...                                              
                                                  
l.49   \caption
             *{source: \url{http://www.w3.org/TR/rdf11-primer/}}
You're in trouble here.  Try typing  <return>  to proceed.
If that doesn't work, type  X <return>  to quit.

! Undefined control sequence.
l.49   \caption*{source: \url
                           {http://www.w3.org/TR/rdf11-primer/}}
The control sequence at the end of the top line
of your error message was never \def'ed. If you have
misspelled it (e.g., `\hobx'), type `I' and the correct
spelling (e.g., `I\hbox'). Otherwise just continue,
and I'll forget about whatever was undefined.


! LaTeX Error: \begin{document} ended by \end{figure}.

See the LaTeX manual or LaTeX Companion for explanation.
Type  H <return>  for immediate help.
 ...                                              
                                                  
l.51 \end{figure}
               
Your command was ignored.
Type  I <command> <return>  to replace it with another command,
or  <return>  to continue without it.

\citation{rdfprimer11}
! Undefined control sequence.
<write> ... Warning: Citation `\@citeb ' on page \thepage 
                                                  \space undefined\on@line .
l.53 ..., Literals or Blank nodes \cite{rdfprimer11}
                                                  .
The control sequence at the end of the top line
of your error message was never \def'ed. If you have
misspelled it (e.g., `\hobx'), type `I' and the correct
spelling (e.g., `I\hbox'). Otherwise just continue,
and I'll forget about whatever was undefined.


LaTeX Warning: Citation `rdfprimer11' on page  undefined on input line 53.


Overfull \hbox (20.0pt too wide) in paragraph at lines 53--54
[][]There
 []


Overfull \hbox (5.43053pt too wide) in paragraph at lines 53--54
[[]]. 
 []

! Undefined control sequence.
l.55 \subsubsection
                 *{IRIs}
The control sequence at the end of the top line
of your error message was never \def'ed. If you have
misspelled it (e.g., `\hobx'), type `I' and the correct
spelling (e.g., `I\hbox'). Otherwise just continue,
and I'll forget about whatever was undefined.


Overfull \hbox (20.0pt too wide) in paragraph at lines 55--56
[][]*IRIs 
 []

\citation{rfc3986}
! Undefined control sequence.
<write> ... Warning: Citation `\@citeb ' on page \thepage 
                                                  \space undefined\on@line .
l.57 ...characters of the UCS \cite{rfc3986,rfc3987}
                                                  (Universal Character Set, ...
The control sequence at the end of the top line
of your error message was never \def'ed. If you have
misspelled it (e.g., `\hobx'), type `I' and the correct
spelling (e.g., `I\hbox'). Otherwise just continue,
and I'll forget about whatever was undefined.


LaTeX Warning: Citation `rfc3986' on page  undefined on input line 57.

\citation{rfc3987}
! Undefined control sequence.
<write> ... Warning: Citation `\@citeb ' on page \thepage 
                                                  \space undefined\on@line .
l.57 ...characters of the UCS \cite{rfc3986,rfc3987}
                                                  (Universal Character Set, ...
The control sequence at the end of the top line
of your error message was never \def'ed. If you have
misspelled it (e.g., `\hobx'), type `I' and the correct
spelling (e.g., `I\hbox'). Otherwise just continue,
and I'll forget about whatever was undefined.


LaTeX Warning: Citation `rfc3987' on page  undefined on input line 57.


Overfull \hbox (20.0pt too wide) in paragraph at lines 57--58
[][]IRI
 []


Overfull \hbox (5.43053pt too wide) in paragraph at lines 57--58
[[],
 []


Overfull \hbox (5.43053pt too wide) in paragraph at lines 57--58
[]](Universal
 []

! Undefined control sequence.
l.59 ... IRI from dbpedia can be the following: \url
                                                  {http://dbpedia.org/resour...
The control sequence at the end of the top line
of your error message was never \def'ed. If you have
misspelled it (e.g., `\hobx'), type `I' and the correct
spelling (e.g., `I\hbox'). Otherwise just continue,
and I'll forget about whatever was undefined.

! Missing $ inserted.
<inserted text> 
$
l.59 ...: \url{http://dbpedia.org/resource/Leonardo_
                                                  da_Vinci}. Even if RDF doe...
I've inserted a begin-math/end-math symbol since I think
you left one out. Proceed, with fingers crossed.

LaTeX Font Info:    External font `cmex10' loaded for size
(Font)              <7> on input line 59.
LaTeX Font Info:    External font `cmex10' loaded for size
(Font)              <5> on input line 59.
! Extra }, or forgotten $.
l.59 ...tp://dbpedia.org/resource/Leonardo_da_Vinci}
                                                  . Even if RDF does not exp...
I've deleted a group-closing symbol because it seems to be
spurious, as in `$x}$'. But perhaps the } is legitimate and
you forgot something else, as in `\hbox{$x}'. In such cases
the way to recover is to insert both the forgotten and the
deleted material, e.g., by typing `I$}'.

! Missing $ inserted.
<inserted text> 
$
l.60 
   
I've inserted a begin-math/end-math symbol since I think
you left one out. Proceed, with fingers crossed.


Overfull \hbox (20.0pt too wide) in paragraph at lines 59--60
[][]An
 []


Overfull \hbox (576.9386pt too wide) in paragraph at lines 59--60
http://dbpedia.org/resource/Leonardo$[][]\OML/cmm/m/it/10 a[]inci:EvenifRDFdoes
notexplicitlyspecifywhatacertainIRIrepresents; theycantakemeaningsfromvocabular
iesorconventions:$ 
 []

! Undefined control sequence.
<write> ...rning: Reference `sec:sparql' on page \thepage 
                                                  \space undefined\on@line .
l.61 In SPARQL (see \ref{sec:sparql}
                                  ) and in some RDF serialization models pre...
The control sequence at the end of the top line
of your error message was never \def'ed. If you have
misspelled it (e.g., `\hobx'), type `I' and the correct
spelling (e.g., `I\hbox'). Otherwise just continue,
and I'll forget about whatever was undefined.


LaTeX Warning: Reference `sec:sparql' on page  undefined on input line 61.


Overfull \hbox (20.0pt too wide) in paragraph at lines 61--62
[][]In
 []


Overfull \hbox (10.86105pt too wide) in paragraph at lines 61--62
[])
 []


Overfull \hbox (13.03325pt too wide) in paragraph at lines 61--62
\OT1/cmr/m/it/10 my\nullfont .
 []

! Undefined control sequence.
l.63 \subsubsection
                 *{Literals}
The control sequence at the end of the top line
of your error message was never \def'ed. If you have
misspelled it (e.g., `\hobx'), type `I' and the correct
spelling (e.g., `I\hbox'). Otherwise just continue,
and I'll forget about whatever was undefined.


Overfull \hbox (20.0pt too wide) in paragraph at lines 63--64
[][]*Literals 
 []

\citation{xmlschema}
! Undefined control sequence.
<write> ... Warning: Citation `\@citeb ' on page \thepage 
                                                  \space undefined\on@line .
l.65 ...es are defined by XML Schema\cite{xmlschema}
                                                  .
The control sequence at the end of the top line
of your error message was never \def'ed. If you have
misspelled it (e.g., `\hobx'), type `I' and the correct
spelling (e.g., `I\hbox'). Otherwise just continue,
and I'll forget about whatever was undefined.


LaTeX Warning: Citation `xmlschema' on page  undefined on input line 65.


Overfull \hbox (20.0pt too wide) in paragraph at lines 65--66
[][]Literals
 []


Overfull \hbox (13.05547pt too wide) in paragraph at lines 65--66
\OT1/cmr/m/it/10 In-
 []


Overfull \hbox (11.4999pt too wide) in paragraph at lines 65--66
\OT1/cmr/m/it/10 te-
 []


Overfull \hbox (13.41655pt too wide) in paragraph at lines 65--66
\OT1/cmr/m/it/10 ger
 []


Overfull \hbox (22.1165pt too wide) in paragraph at lines 65--66
\OT1/cmr/m/it/10 Float
 []


Overfull \hbox (5.43053pt too wide) in paragraph at lines 65--66
Schema[[]]. 
 []

\citation{open2011opengis}
! Undefined control sequence.
<write> ... Warning: Citation `\@citeb ' on page \thepage 
                                                  \space undefined\on@line .
l.67 ...e serialization in WKT\cite{open2011opengis}
                                                   format of a geometry.
The control sequence at the end of the top line
of your error message was never \def'ed. If you have
misspelled it (e.g., `\hobx'), type `I' and the correct
spelling (e.g., `I\hbox'). Otherwise just continue,
and I'll forget about whatever was undefined.


LaTeX Warning: Citation `open2011opengis' on page  undefined on input line 67.


Overfull \hbox (20.0pt too wide) in paragraph at lines 67--68
[][]One
 []


Overfull \hbox (5.43053pt too wide) in paragraph at lines 67--68
WKT[[]]
 []

! Undefined control sequence.
<write> ...ference `lst:triplesliterals' on page \thepage 
                                                  \space undefined\on@line .
l.69 ...found in algorithm \ref{lst:triplesliterals}
                                                  .
The control sequence at the end of the top line
of your error message was never \def'ed. If you have
misspelled it (e.g., `\hobx'), type `I' and the correct
spelling (e.g., `I\hbox'). Otherwise just continue,
and I'll forget about whatever was undefined.


LaTeX Warning: Reference `lst:triplesliterals' on page  undefined on input line 
69.


Overfull \hbox (20.0pt too wide) in paragraph at lines 69--70
[][]An
 []


Overfull \hbox (10.86105pt too wide) in paragraph at lines 69--70
[]. 
 []


! LaTeX Error: Environment listing undefined.

See the LaTeX manual or LaTeX Companion for explanation.
Type  H <return>  for immediate help.
 ...                                              
                                                  
l.71 \begin{listing}
                  \centering
Your command was ignored.
Type  I <command> <return>  to replace it with another command,
or  <return>  to continue without it.


! LaTeX Error: Environment minted undefined.

See the LaTeX manual or LaTeX Companion for explanation.
Type  H <return>  for immediate help.
 ...                                              
                                                  
l.73     \begin{minted}
                     [linenos=true,mathescape,gobble=6]{xml}
Your command was ignored.
Type  I <command> <return>  to replace it with another command,
or  <return>  to continue without it.


! LaTeX Error: \begin{minipage} on input line 72 ended by \end{minted}.

See the LaTeX manual or LaTeX Companion for explanation.
Type  H <return>  for immediate help.
 ...                                              
                                                  
l.79     \end{minted}
                   
Your command was ignored.
Type  I <command> <return>  to replace it with another command,
or  <return>  to continue without it.


! LaTeX Error: \caption outside float.

See the LaTeX manual or LaTeX Companion for explanation.
Type  H <return>  for immediate help.
 ...                                              
                                                  
l.81   \caption
             {Different types of triple statements.}\label{lst:triplesliterals}

You're in trouble here.  Try typing  <return>  to proceed.
If that doesn't work, type  X <return>  to quit.


! LaTeX Error: \begin{document} ended by \end{listing}.

See the LaTeX manual or LaTeX Companion for explanation.
Type  H <return>  for immediate help.
 ...                                              
                                                  
l.82 \end{listing}
                
Your command was ignored.
Type  I <command> <return>  to replace it with another command,
or  <return>  to continue without it.


Overfull \hbox (4915.24998pt too wide) in paragraph at lines 72--83
[][]$[]$
 []

! Undefined control sequence.
l.84 \subsubsection
                 *{Blank nodes}
The control sequence at the end of the top line
of your error message was never \def'ed. If you have
misspelled it (e.g., `\hobx'), type `I' and the correct
spelling (e.g., `I\hbox'). Otherwise just continue,
and I'll forget about whatever was undefined.


Overfull \hbox (20.0pt too wide) in paragraph at lines 84--85
[][]*Blank
 []

! Undefined control sequence.
<write> ...erence `lst:triplesblanknode' on page \thepage 
                                                  \space undefined\on@line .
l.86 ...ated in algorithm \ref{lst:triplesblanknode}
                                                  . In this example it makes...
The control sequence at the end of the top line
of your error message was never \def'ed. If you have
misspelled it (e.g., `\hobx'), type `I' and the correct
spelling (e.g., `I\hbox'). Otherwise just continue,
and I'll forget about whatever was undefined.


LaTeX Warning: Reference `lst:triplesblanknode' on page  undefined on input line
 86.


Overfull \hbox (20.0pt too wide) in paragraph at lines 86--87
[][]Blank
 []


Overfull \hbox (10.86105pt too wide) in paragraph at lines 86--87
[].
 []


! LaTeX Error: Environment listing undefined.

See the LaTeX manual or LaTeX Companion for explanation.
Type  H <return>  for immediate help.
 ...                                              
                                                  
l.88 \begin{listing}
                  \centering
Your command was ignored.
Type  I <command> <return>  to replace it with another command,
or  <return>  to continue without it.


! LaTeX Error: Environment minted undefined.

See the LaTeX manual or LaTeX Companion for explanation.
Type  H <return>  for immediate help.
 ...                                              
                                                  
l.90     \begin{minted}
                     [linenos=true,mathescape,gobble=6]{xml}
Your command was ignored.
Type  I <command> <return>  to replace it with another command,
or  <return>  to continue without it.

! Missing $ inserted.
<inserted text> 
$
l.92       <my:Bob> <my:hasRightArm> :_
                                     b1
I've inserted a begin-math/end-math symbol since I think
you left one out. Proceed, with fingers crossed.


! LaTeX Error: \begin{minipage} on input line 89 ended by \end{minted}.

See the LaTeX manual or LaTeX Companion for explanation.
Type  H <return>  for immediate help.
 ...                                              
                                                  
l.94     \end{minted}
                   
Your command was ignored.
Type  I <command> <return>  to replace it with another command,
or  <return>  to continue without it.

! Missing $ inserted.
<inserted text> 
$
l.94     \end{minted}
                   
I've inserted something that you may have forgotten.
(See the <inserted text> above.)
With luck, this will get me unwedged. But if you
really didn't forget anything, try typing `2' now; then
my insertion and my current dilemma will both disappear.


! LaTeX Error: \caption outside float.

See the LaTeX manual or LaTeX Companion for explanation.
Type  H <return>  for immediate help.
 ...                                              
                                                  
l.96   \caption
             {Triple statements with a blank node.}\label{lst:triplesblanknode}

You're in trouble here.  Try typing  <return>  to proceed.
If that doesn't work, type  X <return>  to quit.


! LaTeX Error: \begin{document} ended by \end{listing}.

See the LaTeX manual or LaTeX Companion for explanation.
Type  H <return>  for immediate help.
 ...                                              
                                                  
l.97 \end{listing}
                
Your command was ignored.
Type  I <command> <return>  to replace it with another command,
or  <return>  to continue without it.


Overfull \hbox (4915.24998pt too wide) in paragraph at lines 89--98
[][]$[]$
 []

! Undefined control sequence.
l.99 \subsection
              *{RDF vocabularies}\label{ssec:rdfvocabularies}
The control sequence at the end of the top line
of your error message was never \def'ed. If you have
misspelled it (e.g., `\hobx'), type `I' and the correct
spelling (e.g., `I\hbox'). Otherwise just continue,
and I'll forget about whatever was undefined.


Overfull \hbox (20.0pt too wide) in paragraph at lines 99--100
[][]*RDF
 []


Overfull \hbox (20.0pt too wide) in paragraph at lines 101--102
[][]The
 []

\citation{rdfschema}
! Undefined control sequence.
<write> ... Warning: Citation `\@citeb ' on page \thepage 
                                                  \space undefined\on@line .
l.103 ...of vocabularies, RDF-schema\cite{rdfschema}
                                                   is provided. This languag...
The control sequence at the end of the top line
of your error message was never \def'ed. If you have
misspelled it (e.g., `\hobx'), type `I' and the correct
spelling (e.g., `I\hbox'). Otherwise just continue,
and I'll forget about whatever was undefined.


LaTeX Warning: Citation `rdfschema' on page  undefined on input line 103.

! Undefined control sequence.
<write> ...ng: Reference `lst:rdfschema' on page \thepage 
                                                  \space undefined\on@line .
l.103 ...n be found in algorithm \ref{lst:rdfschema}
                                                  . There are alternatives f...
The control sequence at the end of the top line
of your error message was never \def'ed. If you have
misspelled it (e.g., `\hobx'), type `I' and the correct
spelling (e.g., `I\hbox'). Otherwise just continue,
and I'll forget about whatever was undefined.


LaTeX Warning: Reference `lst:rdfschema' on page  undefined on input line 103.


Overfull \hbox (20.0pt too wide) in paragraph at lines 103--104
[][]To
 []


Overfull \hbox (5.43053pt too wide) in paragraph at lines 103--104
RDF-schema[[]]
 []


Overfull \hbox (32.32751pt too wide) in paragraph at lines 103--104
\OT1/cmr/m/it/10 rdf:type
 []


Overfull \hbox (10.86105pt too wide) in paragraph at lines 103--104
[].
 []


! LaTeX Error: Environment listing undefined.

See the LaTeX manual or LaTeX Companion for explanation.
Type  H <return>  for immediate help.
 ...                                              
                                                  
l.105 \begin{listing}
                   \centering
Your command was ignored.
Type  I <command> <return>  to replace it with another command,
or  <return>  to continue without it.


! LaTeX Error: Environment minted undefined.

See the LaTeX manual or LaTeX Companion for explanation.
Type  H <return>  for immediate help.
 ...                                              
                                                  
l.107     \begin{minted}
                      [linenos=true,mathescape,gobble=6]{xml}
Your command was ignored.
Type  I <command> <return>  to replace it with another command,
or  <return>  to continue without it.

! Missing $ inserted.
<inserted text> 
$
l.113       :_
            b1 <rdf:type> <my:Arm>
I've inserted a begin-math/end-math symbol since I think
you left one out. Proceed, with fingers crossed.


! LaTeX Error: \begin{minipage} on input line 106 ended by \end{minted}.

See the LaTeX manual or LaTeX Companion for explanation.
Type  H <return>  for immediate help.
 ...                                              
                                                  
l.114     \end{minted}
                    
Your command was ignored.
Type  I <command> <return>  to replace it with another command,
or  <return>  to continue without it.

! Missing $ inserted.
<inserted text> 
$
l.114     \end{minted}
                    
I've inserted something that you may have forgotten.
(See the <inserted text> above.)
With luck, this will get me unwedged. But if you
really didn't forget anything, try typing `2' now; then
my insertion and my current dilemma will both disappear.


! LaTeX Error: \caption outside float.

See the LaTeX manual or LaTeX Companion for explanation.
Type  H <return>  for immediate help.
 ...                                              
                                                  
l.116   \caption
              {Triple statements with a blank node.}\label{lst:rdfschema}
You're in trouble here.  Try typing  <return>  to proceed.
If that doesn't work, type  X <return>  to quit.


! LaTeX Error: \begin{document} ended by \end{listing}.

See the LaTeX manual or LaTeX Companion for explanation.
Type  H <return>  for immediate help.
 ...                                              
                                                  
l.117 \end{listing}
                 
Your command was ignored.
Type  I <command> <return>  to replace it with another command,
or  <return>  to continue without it.


Overfull \hbox (4915.24998pt too wide) in paragraph at lines 106--118
[][]$[]$
 []


Overfull \hbox (20.0pt too wide) in paragraph at lines 119--120
[][]RDF
 []


! LaTeX Error: Environment description undefined.

See the LaTeX manual or LaTeX Companion for explanation.
Type  H <return>  for immediate help.
 ...                                              
                                                  
l.121 \begin{description}
                       
Your command was ignored.
Type  I <command> <return>  to replace it with another command,
or  <return>  to continue without it.


! LaTeX Error: Lonely \item--perhaps a missing list environment.

See the LaTeX manual or LaTeX Companion for explanation.
Type  H <return>  for immediate help.
 ...                                              
                                                  
l.122 	\item{
           Friend of a Friend (FOAF):} One of the first vocabularies used wo...
Try typing  <return>  to proceed.
If that doesn't work, type  X <return>  to quit.

\citation{foafspec}
! Undefined control sequence.
<write> ... Warning: Citation `\@citeb ' on page \thepage 
                                                  \space undefined\on@line .
l.122 ...nd the relations among them \cite{foafspec}
                                                  .
The control sequence at the end of the top line
of your error message was never \def'ed. If you have
misspelled it (e.g., `\hobx'), type `I' and the correct
spelling (e.g., `I\hbox'). Otherwise just continue,
and I'll forget about whatever was undefined.


LaTeX Warning: Citation `foafspec' on page  undefined on input line 122.


Overfull \hbox (5.43053pt too wide) in paragraph at lines 122--123
[[]]. 
 []


! LaTeX Error: Lonely \item--perhaps a missing list environment.

See the LaTeX manual or LaTeX Companion for explanation.
Type  H <return>  for immediate help.
 ...                                              
                                                  
l.124 	\item{
           Dublin Core:} A metadata element set for describing a wide range ...
Try typing  <return>  to proceed.
If that doesn't work, type  X <return>  to quit.

\citation{dublincorespec}
! Undefined control sequence.
<write> ... Warning: Citation `\@citeb ' on page \thepage 
                                                  \space undefined\on@line .
l.124 ... date of the resource \cite{dublincorespec}
                                                  .
The control sequence at the end of the top line
of your error message was never \def'ed. If you have
misspelled it (e.g., `\hobx'), type `I' and the correct
spelling (e.g., `I\hbox'). Otherwise just continue,
and I'll forget about whatever was undefined.


LaTeX Warning: Citation `dublincorespec' on page  undefined on input line 124.


Overfull \hbox (5.43053pt too wide) in paragraph at lines 124--125
[[]]. 
 []


! LaTeX Error: Lonely \item--perhaps a missing list environment.

See the LaTeX manual or LaTeX Companion for explanation.
Type  H <return>  for immediate help.
 ...                                              
                                                  
l.126 	\item{
           schema.org: } A vocabulary for marking up web pages so that searc...
Try typing  <return>  to proceed.
If that doesn't work, type  X <return>  to quit.

\citation{schemaspec}
! Undefined control sequence.
<write> ... Warning: Citation `\@citeb ' on page \thepage 
                                                  \space undefined\on@line .
l.126 ...can more easily find them \cite{schemaspec}
                                                  .
The control sequence at the end of the top line
of your error message was never \def'ed. If you have
misspelled it (e.g., `\hobx'), type `I' and the correct
spelling (e.g., `I\hbox'). Otherwise just continue,
and I'll forget about whatever was undefined.


LaTeX Warning: Citation `schemaspec' on page  undefined on input line 126.


! LaTeX Error: \begin{document} ended by \end{description}.

See the LaTeX manual or LaTeX Companion for explanation.
Type  H <return>  for immediate help.
 ...                                              
                                                  
l.127 \end{description}
                     
Your command was ignored.
Type  I <command> <return>  to replace it with another command,
or  <return>  to continue without it.


Overfull \hbox (5.43053pt too wide) in paragraph at lines 126--128
[[]].
 []

! Undefined control sequence.
l.129 \subsection
               *{Why RDF?}
The control sequence at the end of the top line
of your error message was never \def'ed. If you have
misspelled it (e.g., `\hobx'), type `I' and the correct
spelling (e.g., `I\hbox'). Otherwise just continue,
and I'll forget about whatever was undefined.


Overfull \hbox (20.0pt too wide) in paragraph at lines 129--130
[][]*Why
 []


Overfull \hbox (20.0pt too wide) in paragraph at lines 131--132
[][]Using
 []


Overfull \hbox (20.0pt too wide) in paragraph at lines 133--134
[][]However,
 []

! Undefined control sequence.
l.135 \section
            {SPARQL}\label{sec:sparql}
The control sequence at the end of the top line
of your error message was never \def'ed. If you have
misspelled it (e.g., `\hobx'), type `I' and the correct
spelling (e.g., `I\hbox'). Otherwise just continue,
and I'll forget about whatever was undefined.


Overfull \hbox (20.0pt too wide) in paragraph at lines 135--136
[][]SPARQL[] 
 []

\citation{sparqlprotocol}
! Undefined control sequence.
<write> ... Warning: Citation `\@citeb ' on page \thepage 
                                                  \space undefined\on@line .
l.137 ...triples are expressed \cite{sparqlprotocol}
                                                  .
The control sequence at the end of the top line
of your error message was never \def'ed. If you have
misspelled it (e.g., `\hobx'), type `I' and the correct
spelling (e.g., `I\hbox'). Otherwise just continue,
and I'll forget about whatever was undefined.


LaTeX Warning: Citation `sparqlprotocol' on page  undefined on input line 137.


Overfull \hbox (20.0pt too wide) in paragraph at lines 137--138
[][]SPARQL
 []


Overfull \hbox (5.43053pt too wide) in paragraph at lines 137--138
[[]]. 
 []

\citation{sparqlquery}
! Undefined control sequence.
<write> ... Warning: Citation `\@citeb ' on page \thepage 
                                                  \space undefined\on@line .
l.139 SPARQL allows querying \cite{sparqlquery}
                                              and updating\cite{sparqlupdate...
The control sequence at the end of the top line
of your error message was never \def'ed. If you have
misspelled it (e.g., `\hobx'), type `I' and the correct
spelling (e.g., `I\hbox'). Otherwise just continue,
and I'll forget about whatever was undefined.


LaTeX Warning: Citation `sparqlquery' on page  undefined on input line 139.

\citation{sparqlupdate}
! Undefined control sequence.
<write> ... Warning: Citation `\@citeb ' on page \thepage 
                                                  \space undefined\on@line .
l.139 ...parqlquery} and updating\cite{sparqlupdate}
                                                   of RDF datasets. Similar ...
The control sequence at the end of the top line
of your error message was never \def'ed. If you have
misspelled it (e.g., `\hobx'), type `I' and the correct
spelling (e.g., `I\hbox'). Otherwise just continue,
and I'll forget about whatever was undefined.


LaTeX Warning: Citation `sparqlupdate' on page  undefined on input line 139.


Overfull \hbox (20.0pt too wide) in paragraph at lines 139--140
[][]SPARQL
 []


Overfull \hbox (5.43053pt too wide) in paragraph at lines 139--140
[[]]
 []


Overfull \hbox (5.43053pt too wide) in paragraph at lines 139--140
updating[[]]
 []

! Undefined control sequence.
<write> ...: Reference `lst:sparqlbasic' on page \thepage 
                                                  \space undefined\on@line .
l.141 ...e found in algorithms \ref{lst:sparqlbasic}
                                                   and \ref{lst:sparqlmedium}.
The control sequence at the end of the top line
of your error message was never \def'ed. If you have
misspelled it (e.g., `\hobx'), type `I' and the correct
spelling (e.g., `I\hbox'). Otherwise just continue,
and I'll forget about whatever was undefined.


LaTeX Warning: Reference `lst:sparqlbasic' on page  undefined on input line 141.


! Undefined control sequence.
<write> ... Reference `lst:sparqlmedium' on page \thepage 
                                                  \space undefined\on@line .
l.141 ...lst:sparqlbasic} and \ref{lst:sparqlmedium}
                                                  .
The control sequence at the end of the top line
of your error message was never \def'ed. If you have
misspelled it (e.g., `\hobx'), type `I' and the correct
spelling (e.g., `I\hbox'). Otherwise just continue,
and I'll forget about whatever was undefined.


LaTeX Warning: Reference `lst:sparqlmedium' on page  undefined on input line 141
.


Overfull \hbox (20.0pt too wide) in paragraph at lines 141--142
[][]In
 []


Overfull \hbox (10.86105pt too wide) in paragraph at lines 141--142
[]
 []


Overfull \hbox (10.86105pt too wide) in paragraph at lines 141--142
[]. 
 []


! LaTeX Error: Environment listing undefined.

See the LaTeX manual or LaTeX Companion for explanation.
Type  H <return>  for immediate help.
 ...                                              
                                                  
l.143 \begin{listing}
                   \centering
Your command was ignored.
Type  I <command> <return>  to replace it with another command,
or  <return>  to continue without it.


! LaTeX Error: Environment minted undefined.

See the LaTeX manual or LaTeX Companion for explanation.
Type  H <return>  for immediate help.
 ...                                              
                                                  
l.145     \begin{minted}
                      [linenos=true,mathescape,gobble=6]{sparql}
Your command was ignored.
Type  I <command> <return>  to replace it with another command,
or  <return>  to continue without it.


! LaTeX Error: \begin{minipage} on input line 144 ended by \end{minted}.

See the LaTeX manual or LaTeX Companion for explanation.
Type  H <return>  for immediate help.
 ...                                              
                                                  
l.149     \end{minted}
                    
Your command was ignored.
Type  I <command> <return>  to replace it with another command,
or  <return>  to continue without it.


! LaTeX Error: \caption outside float.

See the LaTeX manual or LaTeX Companion for explanation.
Type  H <return>  for immediate help.
 ...                                              
                                                  
l.151   \caption
              {SPARQL query for retrieving all triples on the dataset.}\labe...
You're in trouble here.  Try typing  <return>  to proceed.
If that doesn't work, type  X <return>  to quit.


! LaTeX Error: \begin{document} ended by \end{listing}.

See the LaTeX manual or LaTeX Companion for explanation.
Type  H <return>  for immediate help.
 ...                                              
                                                  
l.152 \end{listing}
                 
Your command was ignored.
Type  I <command> <return>  to replace it with another command,
or  <return>  to continue without it.


Overfull \hbox (4915.24998pt too wide) in paragraph at lines 144--153
[][]$[]$
 []


Overfull \hbox (20.0pt too wide) in paragraph at lines 154--155
[][]This
 []


! LaTeX Error: Environment listing undefined.

See the LaTeX manual or LaTeX Companion for explanation.
Type  H <return>  for immediate help.
 ...                                              
                                                  
l.156 \begin{listing}
                   \centering
Your command was ignored.
Type  I <command> <return>  to replace it with another command,
or  <return>  to continue without it.


! LaTeX Error: Environment minted undefined.

See the LaTeX manual or LaTeX Companion for explanation.
Type  H <return>  for immediate help.
 ...                                              
                                                  
l.158     \begin{minted}
                      [linenos=true,mathescape,gobble=6]{sparql}
Your command was ignored.
Type  I <command> <return>  to replace it with another command,
or  <return>  to continue without it.

! You can't use `macro parameter character #' in horizontal mode.
l.161 ...http://www.w3.org/1999/02/22-rdf-syntax-ns#
                                                  >
Sorry, but I'm not programmed to handle this case;
I'll just pretend that you didn''t ask for it.
If you're in the wrong mode, you might be able to
return to the right one by typing `I}' or `I$' or `I\par'.


! LaTeX Error: \begin{minipage} on input line 157 ended by \end{minted}.

See the LaTeX manual or LaTeX Companion for explanation.
Type  H <return>  for immediate help.
 ...                                              
                                                  
l.167     \end{minted}
                    
Your command was ignored.
Type  I <command> <return>  to replace it with another command,
or  <return>  to continue without it.


! LaTeX Error: \caption outside float.

See the LaTeX manual or LaTeX Companion for explanation.
Type  H <return>  for immediate help.
 ...                                              
                                                  
l.169   \caption
              {SPARQL query for retrieving names on the dataset.}\label{lst:...
You're in trouble here.  Try typing  <return>  to proceed.
If that doesn't work, type  X <return>  to quit.


! LaTeX Error: \begin{document} ended by \end{listing}.

See the LaTeX manual or LaTeX Companion for explanation.
Type  H <return>  for immediate help.
 ...                                              
                                                  
l.170 \end{listing}
                 
Your command was ignored.
Type  I <command> <return>  to replace it with another command,
or  <return>  to continue without it.


Overfull \hbox (3276.74998pt too wide) in paragraph at lines 157--171
[][]$[]$
 []


Overfull \hbox (20.0pt too wide) in paragraph at lines 172--173
[][]This
 []


Overfull \hbox (16.9943pt too wide) in paragraph at lines 172--173
\OT1/cmr/m/it/10 per-
 []


Overfull \hbox (14.82214pt too wide) in paragraph at lines 172--173
\OT1/cmr/m/it/10 son
 []


Overfull \hbox (19.17763pt too wide) in paragraph at lines 172--173
\OT1/cmr/m/it/10 Per-
 []


Overfull \hbox (14.82214pt too wide) in paragraph at lines 172--173
\OT1/cmr/m/it/10 son
 []


Overfull \hbox (20.0pt too wide) in paragraph at lines 174--175
[][]It
 []

! Undefined control sequence.
l.176 \subsection
               *{Why SPARQL?}
The control sequence at the end of the top line
of your error message was never \def'ed. If you have
misspelled it (e.g., `\hobx'), type `I' and the correct
spelling (e.g., `I\hbox'). Otherwise just continue,
and I'll forget about whatever was undefined.


Overfull \hbox (20.0pt too wide) in paragraph at lines 176--177
[][]*Why
 []


Overfull \hbox (20.0pt too wide) in paragraph at lines 178--179
[][]Since
 []


Overfull \hbox (20.0pt too wide) in paragraph at lines 180--181
[][]Besides,
 []

! Undefined control sequence.
l.182 \section
            {GeoSPARQL}
The control sequence at the end of the top line
of your error message was never \def'ed. If you have
misspelled it (e.g., `\hobx'), type `I' and the correct
spelling (e.g., `I\hbox'). Otherwise just continue,
and I'll forget about whatever was undefined.


Overfull \hbox (20.0pt too wide) in paragraph at lines 182--183
[][]GeoSPARQL 
 []


Overfull \hbox (20.0pt too wide) in paragraph at lines 184--185
[][]RDF
 []

\citation{geosparqlspec}
! Undefined control sequence.
<write> ... Warning: Citation `\@citeb ' on page \thepage 
                                                  \space undefined\on@line .
l.186 ...ly \cite{geosparqlspec, battle2012enabling}
                                                  . The components that form...
The control sequence at the end of the top line
of your error message was never \def'ed. If you have
misspelled it (e.g., `\hobx'), type `I' and the correct
spelling (e.g., `I\hbox'). Otherwise just continue,
and I'll forget about whatever was undefined.


LaTeX Warning: Citation `geosparqlspec' on page  undefined on input line 186.

\citation{battle2012enabling}
! Undefined control sequence.
<write> ... Warning: Citation `\@citeb ' on page \thepage 
                                                  \space undefined\on@line .
l.186 ...ly \cite{geosparqlspec, battle2012enabling}
                                                  . The components that form...
The control sequence at the end of the top line
of your error message was never \def'ed. If you have
misspelled it (e.g., `\hobx'), type `I' and the correct
spelling (e.g., `I\hbox'). Otherwise just continue,
and I'll forget about whatever was undefined.


LaTeX Warning: Citation `battle2012enabling' on page  undefined on input line 18
6.

\citation{battle2011linking}
! Undefined control sequence.
<write> ... Warning: Citation `\@citeb ' on page \thepage 
                                                  \space undefined\on@line .
l.186 ...n are listed below \cite{battle2011linking}
                                                  :
The control sequence at the end of the top line
of your error message was never \def'ed. If you have
misspelled it (e.g., `\hobx'), type `I' and the correct
spelling (e.g., `I\hbox'). Otherwise just continue,
and I'll forget about whatever was undefined.


LaTeX Warning: Citation `battle2011linking' on page  undefined on input line 186
.


Overfull \hbox (20.0pt too wide) in paragraph at lines 186--187
[][]GeoSPARQL
 []


Overfull \hbox (5.43053pt too wide) in paragraph at lines 186--187
[[],
 []


Overfull \hbox (5.43053pt too wide) in paragraph at lines 186--187
[]].
 []


Overfull \hbox (5.43053pt too wide) in paragraph at lines 186--187
[[]]: 
 []


Overfull \hbox (20.0pt too wide) in paragraph at lines 188--188
[][] 
 []

! Undefined control sequence.
l.194 \subsection
               *{Vocabulary}
The control sequence at the end of the top line
of your error message was never \def'ed. If you have
misspelled it (e.g., `\hobx'), type `I' and the correct
spelling (e.g., `I\hbox'). Otherwise just continue,
and I'll forget about whatever was undefined.


Overfull \hbox (20.0pt too wide) in paragraph at lines 194--195
[][]*Vocabulary 
 []


Overfull \hbox (20.0pt too wide) in paragraph at lines 196--197
[][]The
 []


Overfull \hbox (20.0pt too wide) in paragraph at lines 198--199
[][]The
 []


Overfull \hbox (18.53873pt too wide) in paragraph at lines 198--199
\OT1/cmr/m/it/10 Fea-
 []


Overfull \hbox (21.08316pt too wide) in paragraph at lines 198--199
\OT1/cmr/m/it/10 tures
 []


Overfull \hbox (15.91377pt too wide) in paragraph at lines 198--199
\OT1/cmr/m/it/10 Ge-
 []


Overfull \hbox (21.46652pt too wide) in paragraph at lines 198--199
\OT1/cmr/m/it/10 ome-
 []


Overfull \hbox (19.2943pt too wide) in paragraph at lines 198--199
\OT1/cmr/m/it/10 tries\nullfont .
 []


Overfull \hbox (15.91377pt too wide) in paragraph at lines 198--199
\OT1/cmr/m/it/10 Ge-
 []


Overfull \hbox (16.86656pt too wide) in paragraph at lines 198--199
\OT1/cmr/m/it/10 om-
 []


Overfull \hbox (8.1777pt too wide) in paragraph at lines 198--199
\OT1/cmr/m/it/10 e-
 []


Overfull \hbox (12.39433pt too wide) in paragraph at lines 198--199
\OT1/cmr/m/it/10 try
 []

\citation{gmlspec}
! Undefined control sequence.
<write> ... Warning: Citation `\@citeb ' on page \thepage 
                                                  \space undefined\on@line .
l.200 ...l information as a WKT or GML\cite{gmlspec}
                                                   string, as in the algorit...
The control sequence at the end of the top line
of your error message was never \def'ed. If you have
misspelled it (e.g., `\hobx'), type `I' and the correct
spelling (e.g., `I\hbox'). Otherwise just continue,
and I'll forget about whatever was undefined.


LaTeX Warning: Citation `gmlspec' on page  undefined on input line 200.

! Undefined control sequence.
<write> ...g: Reference `lst:geosparql1' on page \thepage 
                                                  \space undefined\on@line .
l.200 ...g, as in the algorithm \ref{lst:geosparql1}
                                                  .
The control sequence at the end of the top line
of your error message was never \def'ed. If you have
misspelled it (e.g., `\hobx'), type `I' and the correct
spelling (e.g., `I\hbox'). Otherwise just continue,
and I'll forget about whatever was undefined.


LaTeX Warning: Reference `lst:geosparql1' on page  undefined on input line 200.


Overfull \hbox (20.0pt too wide) in paragraph at lines 200--201
[][]Together
 []


Overfull \hbox (34.03313pt too wide) in paragraph at lines 200--201
\OT1/cmr/m/it/10 asWKT
 []


Overfull \hbox (12.7777pt too wide) in paragraph at lines 200--201
\OT1/cmr/m/it/10 as-
 []


Overfull \hbox (22.97485pt too wide) in paragraph at lines 200--201
\OT1/cmr/m/it/10 GML
 []


Overfull \hbox (5.43053pt too wide) in paragraph at lines 200--201
GML[[]]
 []


Overfull \hbox (10.86105pt too wide) in paragraph at lines 200--201
[]. 
 []


! LaTeX Error: Environment listing undefined.

See the LaTeX manual or LaTeX Companion for explanation.
Type  H <return>  for immediate help.
 ...                                              
                                                  
l.202 \begin{listing}
                   \centering
Your command was ignored.
Type  I <command> <return>  to replace it with another command,
or  <return>  to continue without it.


! LaTeX Error: Environment minted undefined.

See the LaTeX manual or LaTeX Companion for explanation.
Type  H <return>  for immediate help.
 ...                                              
                                                  
l.204     \begin{minted}
                      [linenos=true,mathescape,gobble=6]{xml}
Your command was ignored.
Type  I <command> <return>  to replace it with another command,
or  <return>  to continue without it.


! LaTeX Error: \begin{minipage} on input line 203 ended by \end{minted}.

See the LaTeX manual or LaTeX Companion for explanation.
Type  H <return>  for immediate help.
 ...                                              
                                                  
l.209     \end{minted}
                    
Your command was ignored.
Type  I <command> <return>  to replace it with another command,
or  <return>  to continue without it.


! LaTeX Error: \caption outside float.

See the LaTeX manual or LaTeX Companion for explanation.
Type  H <return>  for immediate help.
 ...                                              
                                                  
l.211   \caption
              {A feature in the GeoSPARQL vocabulary.}\label{lst:geosparql1}
You're in trouble here.  Try typing  <return>  to proceed.
If that doesn't work, type  X <return>  to quit.


! LaTeX Error: \begin{document} ended by \end{listing}.

See the LaTeX manual or LaTeX Companion for explanation.
Type  H <return>  for immediate help.
 ...                                              
                                                  
l.212 \end{listing}
                 
Your command was ignored.
Type  I <command> <return>  to replace it with another command,
or  <return>  to continue without it.


Overfull \hbox (4915.24998pt too wide) in paragraph at lines 203--213
[][]$[]$
 []


Overfull \hbox (20.0pt too wide) in paragraph at lines 214--215
[][]Besides,
 []


Overfull \hbox (26.83318pt too wide) in paragraph at lines 214--215
\OT1/cmr/m/it/10 within
 []

! Undefined control sequence.
l.216 \subsection
               *{SPARQL extension}
The control sequence at the end of the top line
of your error message was never \def'ed. If you have
misspelled it (e.g., `\hobx'), type `I' and the correct
spelling (e.g., `I\hbox'). Otherwise just continue,
and I'll forget about whatever was undefined.


Overfull \hbox (20.0pt too wide) in paragraph at lines 216--217
[][]*SPARQL
 []


Overfull \hbox (20.0pt too wide) in paragraph at lines 218--219
[][]Exploiting
 []


Overfull \hbox (35.77753pt too wide) in paragraph at lines 218--219
\OT1/cmr/m/it/10 geof:dis-
 []


Overfull \hbox (22.74426pt too wide) in paragraph at lines 218--219
\OT1/cmr/m/it/10 tance
 []

! Undefined control sequence.
<write> ...g: Reference `lst:geosparql2' on page \thepage 
                                                  \space undefined\on@line .
l.220 ...ery shown in algorithm \ref{lst:geosparql2}
                                                  
The control sequence at the end of the top line
of your error message was never \def'ed. If you have
misspelled it (e.g., `\hobx'), type `I' and the correct
spelling (e.g., `I\hbox'). Otherwise just continue,
and I'll forget about whatever was undefined.


LaTeX Warning: Reference `lst:geosparql2' on page  undefined on input line 220.


Overfull \hbox (20.0pt too wide) in paragraph at lines 220--221
[][]This
 []


Overfull \hbox (10.86105pt too wide) in paragraph at lines 220--221
[] 
 []


! LaTeX Error: Environment listing undefined.

See the LaTeX manual or LaTeX Companion for explanation.
Type  H <return>  for immediate help.
 ...                                              
                                                  
l.222 \begin{listing}
                   \centering
Your command was ignored.
Type  I <command> <return>  to replace it with another command,
or  <return>  to continue without it.


! LaTeX Error: Environment minted undefined.

See the LaTeX manual or LaTeX Companion for explanation.
Type  H <return>  for immediate help.
 ...                                              
                                                  
l.224     \begin{minted}
                      [linenos=true,mathescape,gobble=6]{sparql}
Your command was ignored.
Type  I <command> <return>  to replace it with another command,
or  <return>  to continue without it.


! LaTeX Error: \begin{minipage} on input line 223 ended by \end{minted}.

See the LaTeX manual or LaTeX Companion for explanation.
Type  H <return>  for immediate help.
 ...                                              
                                                  
l.237     \end{minted}
                    
Your command was ignored.
Type  I <command> <return>  to replace it with another command,
or  <return>  to continue without it.


! LaTeX Error: \caption outside float.

See the LaTeX manual or LaTeX Companion for explanation.
Type  H <return>  for immediate help.
 ...                                              
                                                  
l.239   \caption
              {Spatial query in SPARQL.}\label{lst:geosparql2}
You're in trouble here.  Try typing  <return>  to proceed.
If that doesn't work, type  X <return>  to quit.


! LaTeX Error: \begin{document} ended by \end{listing}.

See the LaTeX manual or LaTeX Companion for explanation.
Type  H <return>  for immediate help.
 ...                                              
                                                  
l.240 \end{listing}
                 
Your command was ignored.
Type  I <command> <return>  to replace it with another command,
or  <return>  to continue without it.


Overfull \hbox (4915.24998pt too wide) in paragraph at lines 223--241
[][]$[]$
 []

! Undefined control sequence.
l.242 \subsection
               *{Why GeoSPARQL?}
The control sequence at the end of the top line
of your error message was never \def'ed. If you have
misspelled it (e.g., `\hobx'), type `I' and the correct
spelling (e.g., `I\hbox'). Otherwise just continue,
and I'll forget about whatever was undefined.


Overfull \hbox (20.0pt too wide) in paragraph at lines 242--243
[][]*Why
 []


Overfull \hbox (20.0pt too wide) in paragraph at lines 244--245
[][]While
 []


Overfull \hbox (20.0pt too wide) in paragraph at lines 246--247
[][]However
 []

! Undefined control sequence.
l.248 \subsubsection
                  *{Parliament}
The control sequence at the end of the top line
of your error message was never \def'ed. If you have
misspelled it (e.g., `\hobx'), type `I' and the correct
spelling (e.g., `I\hbox'). Otherwise just continue,
and I'll forget about whatever was undefined.


Overfull \hbox (20.0pt too wide) in paragraph at lines 248--249
[][]*Parliament 
 []

\citation{parliament}
! Undefined control sequence.
<write> ... Warning: Citation `\@citeb ' on page \thepage 
                                                  \space undefined\on@line .
l.250 Parliament\texttrademark\cite{parliament}
                                              is a triple-store, SPARQL endp...
The control sequence at the end of the top line
of your error message was never \def'ed. If you have
misspelled it (e.g., `\hobx'), type `I' and the correct
spelling (e.g., `I\hbox'). Otherwise just continue,
and I'll forget about whatever was undefined.


LaTeX Warning: Citation `parliament' on page  undefined on input line 250.


Overfull \hbox (38.83337pt too wide) in paragraph at lines 250--251
[][]Parliament$[][]$[[]]
 []


Overfull \hbox (20.0pt too wide) in paragraph at lines 252--253
[][]Parliament
 []

! Undefined control sequence.
l.254 \section
            {NodeJS}
The control sequence at the end of the top line
of your error message was never \def'ed. If you have
misspelled it (e.g., `\hobx'), type `I' and the correct
spelling (e.g., `I\hbox'). Otherwise just continue,
and I'll forget about whatever was undefined.


Overfull \hbox (20.0pt too wide) in paragraph at lines 254--255
[][]NodeJS 
 []

\citation{v8}
! Undefined control sequence.
<write> ... Warning: Citation `\@citeb ' on page \thepage 
                                                  \space undefined\on@line .
l.256 ...k based on Chrome's runtime engine\cite{v8}
                                                   for developing high-perfo...
The control sequence at the end of the top line
of your error message was never \def'ed. If you have
misspelled it (e.g., `\hobx'), type `I' and the correct
spelling (e.g., `I\hbox'). Otherwise just continue,
and I'll forget about whatever was undefined.


LaTeX Warning: Citation `v8' on page  undefined on input line 256.

\citation{tilkov2010node}
! Undefined control sequence.
<write> ... Warning: Citation `\@citeb ' on page \thepage 
                                                  \space undefined\on@line .
l.256 ...h use asynchronous I/O\cite{tilkov2010node}
                                                  .
The control sequence at the end of the top line
of your error message was never \def'ed. If you have
misspelled it (e.g., `\hobx'), type `I' and the correct
spelling (e.g., `I\hbox'). Otherwise just continue,
and I'll forget about whatever was undefined.


LaTeX Warning: Citation `tilkov2010node' on page  undefined on input line 256.


Overfull \hbox (20.0pt too wide) in paragraph at lines 256--257
[][]NodeJs
 []


Overfull \hbox (5.43053pt too wide) in paragraph at lines 256--257
engine[[]]
 []


Overfull \hbox (5.43053pt too wide) in paragraph at lines 256--257
I/O[[]]. 
 []


Overfull \hbox (20.0pt too wide) in paragraph at lines 258--259
[][]The
 []


Overfull \hbox (20.0pt too wide) in paragraph at lines 260--261
[][]Node
 []


Overfull \hbox (94.49918pt too wide) in paragraph at lines 260--261
\OT1/cmtt/m/n/10 EventMachine.run()
 []

! Undefined control sequence.
<write> ...arning: Reference `lst:node1' on page \thepage 
                                                  \space undefined\on@line .
l.262 ...model is shown in algorithm \ref{lst:node1}
                                                  . In the example, a web se...
The control sequence at the end of the top line
of your error message was never \def'ed. If you have
misspelled it (e.g., `\hobx'), type `I' and the correct
spelling (e.g., `I\hbox'). Otherwise just continue,
and I'll forget about whatever was undefined.


LaTeX Warning: Reference `lst:node1' on page  undefined on input line 262.


Overfull \hbox (20.0pt too wide) in paragraph at lines 262--263
[][]One
 []


Overfull \hbox (10.86105pt too wide) in paragraph at lines 262--263
[].
 []


! LaTeX Error: Environment listing undefined.

See the LaTeX manual or LaTeX Companion for explanation.
Type  H <return>  for immediate help.
 ...                                              
                                                  
l.264 \begin{listing}
                   \centering
Your command was ignored.
Type  I <command> <return>  to replace it with another command,
or  <return>  to continue without it.


! LaTeX Error: Environment minted undefined.

See the LaTeX manual or LaTeX Companion for explanation.
Type  H <return>  for immediate help.
 ...                                              
                                                  
l.266     \begin{minted}
                      [linenos=true,mathescape,gobble=6]{javascript}
Your command was ignored.
Type  I <command> <return>  to replace it with another command,
or  <return>  to continue without it.

! Undefined control sequence.
l.270 	       res.end('Hello World\n
                                  ');
The control sequence at the end of the top line
of your error message was never \def'ed. If you have
misspelled it (e.g., `\hobx'), type `I' and the correct
spelling (e.g., `I\hbox'). Otherwise just continue,
and I'll forget about whatever was undefined.


! LaTeX Error: \begin{minipage} on input line 265 ended by \end{minted}.

See the LaTeX manual or LaTeX Companion for explanation.
Type  H <return>  for immediate help.
 ...                                              
                                                  
l.273     \end{minted}
                    
Your command was ignored.
Type  I <command> <return>  to replace it with another command,
or  <return>  to continue without it.


! LaTeX Error: \caption outside float.

See the LaTeX manual or LaTeX Companion for explanation.
Type  H <return>  for immediate help.
 ...                                              
                                                  
l.275   \caption
              {NodeJS "hello world" web server.}\label{lst:node1}
You're in trouble here.  Try typing  <return>  to proceed.
If that doesn't work, type  X <return>  to quit.


! LaTeX Error: \begin{document} ended by \end{listing}.

See the LaTeX manual or LaTeX Companion for explanation.
Type  H <return>  for immediate help.
 ...                                              
                                                  
l.276 \end{listing}
                 
Your command was ignored.
Type  I <command> <return>  to replace it with another command,
or  <return>  to continue without it.


Overfull \hbox (4915.24998pt too wide) in paragraph at lines 265--277
[][]$[]$
 []


Overfull \hbox (20.0pt too wide) in paragraph at lines 278--279
[][]The
 []


Overfull \hbox (11.88321pt too wide) in paragraph at lines 278--279
\OT1/cmr/m/it/10 re-
 []


Overfull \hbox (21.33871pt too wide) in paragraph at lines 278--279
\OT1/cmr/m/it/10 quire
 []


Overfull \hbox (20.0pt too wide) in paragraph at lines 280--281
[][]NodeJS
 []

! Undefined control sequence.
l.282 \subsection
               *{NPM}
The control sequence at the end of the top line
of your error message was never \def'ed. If you have
misspelled it (e.g., `\hobx'), type `I' and the correct
spelling (e.g., `I\hbox'). Otherwise just continue,
and I'll forget about whatever was undefined.


Overfull \hbox (20.0pt too wide) in paragraph at lines 282--283
[][]*NPM 
 []


Overfull \hbox (20.0pt too wide) in paragraph at lines 284--285
[][]NPM
 []


Overfull \hbox (20.0pt too wide) in paragraph at lines 286--287
[][]By
 []


Overfull \hbox (22.48871pt too wide) in paragraph at lines 286--287
\OT1/cmr/m/it/10 pack-
 []


Overfull \hbox (35.26645pt too wide) in paragraph at lines 286--287
\OT1/cmr/m/it/10 age.json\nullfont ,
 []


Overfull \hbox (20.0pt too wide) in paragraph at lines 288--289
[][]When
 []

! Undefined control sequence.
l.290 \subsection
               *{Express}
The control sequence at the end of the top line
of your error message was never \def'ed. If you have
misspelled it (e.g., `\hobx'), type `I' and the correct
spelling (e.g., `I\hbox'). Otherwise just continue,
and I'll forget about whatever was undefined.


Overfull \hbox (20.0pt too wide) in paragraph at lines 290--291
[][]*Express 
 []


Overfull \hbox (20.0pt too wide) in paragraph at lines 292--293
[][]Express
 []

! Undefined control sequence.
<write> ...arning: Reference `lst:node2' on page \thepage 
                                                  \space undefined\on@line .
l.294 ...y. The example on algorithm \ref{lst:node2}
                                                   creates a express server ...
The control sequence at the end of the top line
of your error message was never \def'ed. If you have
misspelled it (e.g., `\hobx'), type `I' and the correct
spelling (e.g., `I\hbox'). Otherwise just continue,
and I'll forget about whatever was undefined.


LaTeX Warning: Reference `lst:node2' on page  undefined on input line 294.


Overfull \hbox (20.0pt too wide) in paragraph at lines 294--295
[][]Express
 []


Overfull \hbox (36.74968pt too wide) in paragraph at lines 294--295
\OT1/cmtt/m/n/10 express
 []


Overfull \hbox (10.86105pt too wide) in paragraph at lines 294--295
[]
 []


! LaTeX Error: Environment listing undefined.

See the LaTeX manual or LaTeX Companion for explanation.
Type  H <return>  for immediate help.
 ...                                              
                                                  
l.296 \begin{listing}
                   \centering
Your command was ignored.
Type  I <command> <return>  to replace it with another command,
or  <return>  to continue without it.


! LaTeX Error: Environment minted undefined.

See the LaTeX manual or LaTeX Companion for explanation.
Type  H <return>  for immediate help.
 ...                                              
                                                  
l.298     \begin{minted}
                      [linenos=true,mathescape,gobble=6]{javascript}
Your command was ignored.
Type  I <command> <return>  to replace it with another command,
or  <return>  to continue without it.


! LaTeX Error: \begin{minipage} on input line 297 ended by \end{minted}.

See the LaTeX manual or LaTeX Companion for explanation.
Type  H <return>  for immediate help.
 ...                                              
                                                  
l.307     \end{minted}
                    
Your command was ignored.
Type  I <command> <return>  to replace it with another command,
or  <return>  to continue without it.


! LaTeX Error: \caption outside float.

See the LaTeX manual or LaTeX Companion for explanation.
Type  H <return>  for immediate help.
 ...                                              
                                                  
l.309   \caption
              {Express "hello world" program.}\label{lst:node2}
You're in trouble here.  Try typing  <return>  to proceed.
If that doesn't work, type  X <return>  to quit.


! LaTeX Error: \begin{document} ended by \end{listing}.

See the LaTeX manual or LaTeX Companion for explanation.
Type  H <return>  for immediate help.
 ...                                              
                                                  
l.310 \end{listing}
                 
Your command was ignored.
Type  I <command> <return>  to replace it with another command,
or  <return>  to continue without it.


Overfull \hbox (4915.24998pt too wide) in paragraph at lines 297--311
[][]$[]$
 []


Overfull \hbox (20.0pt too wide) in paragraph at lines 312--313
[][]Aside
 []

! Undefined control sequence.
l.314 \subsection
               *{Why NodeJS}
The control sequence at the end of the top line
of your error message was never \def'ed. If you have
misspelled it (e.g., `\hobx'), type `I' and the correct
spelling (e.g., `I\hbox'). Otherwise just continue,
and I'll forget about whatever was undefined.


Overfull \hbox (20.0pt too wide) in paragraph at lines 314--315
[][]*Why
 []


Overfull \hbox (20.0pt too wide) in paragraph at lines 316--317
[][]There
 []

! Undefined control sequence.
l.318 \section
            *{AngularJS}
The control sequence at the end of the top line
of your error message was never \def'ed. If you have
misspelled it (e.g., `\hobx'), type `I' and the correct
spelling (e.g., `I\hbox'). Otherwise just continue,
and I'll forget about whatever was undefined.


Overfull \hbox (20.0pt too wide) in paragraph at lines 318--319
[][]*AngularJS 
 []


Overfull \hbox (20.0pt too wide) in paragraph at lines 320--321
[][]In
 []


Overfull \hbox (20.0pt too wide) in paragraph at lines 322--323
[][]Developing
 []

\citation{angularjs1}
! Undefined control sequence.
<write> ... Warning: Citation `\@citeb ' on page \thepage 
                                                  \space undefined\on@line .
l.324 ...ller) pattern \cite{angularjs1, angularjs2}
                                                  .
The control sequence at the end of the top line
of your error message was never \def'ed. If you have
misspelled it (e.g., `\hobx'), type `I' and the correct
spelling (e.g., `I\hbox'). Otherwise just continue,
and I'll forget about whatever was undefined.


LaTeX Warning: Citation `angularjs1' on page  undefined on input line 324.

\citation{angularjs2}
! Undefined control sequence.
<write> ... Warning: Citation `\@citeb ' on page \thepage 
                                                  \space undefined\on@line .
l.324 ...ller) pattern \cite{angularjs1, angularjs2}
                                                  .
The control sequence at the end of the top line
of your error message was never \def'ed. If you have
misspelled it (e.g., `\hobx'), type `I' and the correct
spelling (e.g., `I\hbox'). Otherwise just continue,
and I'll forget about whatever was undefined.


LaTeX Warning: Citation `angularjs2' on page  undefined on input line 324.


Overfull \hbox (20.0pt too wide) in paragraph at lines 324--325
[][]Due
 []


Overfull \hbox (5.43053pt too wide) in paragraph at lines 324--325
[[],
 []


Overfull \hbox (5.43053pt too wide) in paragraph at lines 324--325
[]]. 
 []


Overfull \hbox (20.0pt too wide) in paragraph at lines 326--327
[][]Angular
 []

! Undefined control sequence.
l.328 \subsection
               *{Model View Controller}
The control sequence at the end of the top line
of your error message was never \def'ed. If you have
misspelled it (e.g., `\hobx'), type `I' and the correct
spelling (e.g., `I\hbox'). Otherwise just continue,
and I'll forget about whatever was undefined.


Overfull \hbox (20.0pt too wide) in paragraph at lines 328--329
[][]*Model
 []

\citation{angularjs3}
! Undefined control sequence.
<write> ... Warning: Citation `\@citeb ' on page \thepage 
                                                  \space undefined\on@line .
l.330 ...nto three main components \cite{angularjs3}
                                                  .
The control sequence at the end of the top line
of your error message was never \def'ed. If you have
misspelled it (e.g., `\hobx'), type `I' and the correct
spelling (e.g., `I\hbox'). Otherwise just continue,
and I'll forget about whatever was undefined.


LaTeX Warning: Citation `angularjs3' on page  undefined on input line 330.


Overfull \hbox (20.0pt too wide) in paragraph at lines 330--331
[][]The
 []


Overfull \hbox (5.43053pt too wide) in paragraph at lines 330--331
[[]]. 
 []


! LaTeX Error: Environment description undefined.

See the LaTeX manual or LaTeX Companion for explanation.
Type  H <return>  for immediate help.
 ...                                              
                                                  
l.332 \begin{description}
                       
Your command was ignored.
Type  I <command> <return>  to replace it with another command,
or  <return>  to continue without it.


! LaTeX Error: Lonely \item--perhaps a missing list environment.

See the LaTeX manual or LaTeX Companion for explanation.
Type  H <return>  for immediate help.
 ...                                              
                                                  
l.333 \item[The view:]
                     The HTML templates which can be found in any web page a...
Try typing  <return>  to proceed.
If that doesn't work, type  X <return>  to quit.


! LaTeX Error: Lonely \item--perhaps a missing list environment.

See the LaTeX manual or LaTeX Companion for explanation.
Type  H <return>  for immediate help.
 ...                                              
                                                  
l.334 \item[The controller:]
                           Angular allows the definition of controllers in a...
Try typing  <return>  to proceed.
If that doesn't work, type  X <return>  to quit.

! Undefined control sequence.
<write> ... Reference `fig:angularscope' on page \thepage 
                                                  \space undefined\on@line .
l.334 ...\$scope} (see figure \ref{fig:angularscope}
                                                  ).
The control sequence at the end of the top line
of your error message was never \def'ed. If you have
misspelled it (e.g., `\hobx'), type `I' and the correct
spelling (e.g., `I\hbox'). Otherwise just continue,
and I'll forget about whatever was undefined.


LaTeX Warning: Reference `fig:angularscope' on page  undefined on input line 334
.


Overfull \hbox (31.49973pt too wide) in paragraph at lines 334--335
\OT1/cmtt/m/n/10 $scope
 []


Overfull \hbox (10.86105pt too wide) in paragraph at lines 334--335
[]). 
 []


! LaTeX Error: Lonely \item--perhaps a missing list environment.

See the LaTeX manual or LaTeX Companion for explanation.
Type  H <return>  for immediate help.
 ...                                              
                                                  
l.335 \item[The model:]
                      Any data which belongs to the application domain is co...
Try typing  <return>  to proceed.
If that doesn't work, type  X <return>  to quit.


! LaTeX Error: \begin{document} ended by \end{description}.

See the LaTeX manual or LaTeX Companion for explanation.
Type  H <return>  for immediate help.
 ...                                              
                                                  
l.336 \end{description}
                     
Your command was ignored.
Type  I <command> <return>  to replace it with another command,
or  <return>  to continue without it.


! LaTeX Error: Environment figure undefined.

See the LaTeX manual or LaTeX Companion for explanation.
Type  H <return>  for immediate help.
 ...                                              
                                                  
l.338 \begin{figure}
                  
Your command was ignored.
Type  I <command> <return>  to replace it with another command,
or  <return>  to continue without it.

! Undefined control sequence.
l.340   \includegraphics
                      [width=.8\textwidth]{fig/angular-scope}
The control sequence at the end of the top line
of your error message was never \def'ed. If you have
misspelled it (e.g., `\hobx'), type `I' and the correct
spelling (e.g., `I\hbox'). Otherwise just continue,
and I'll forget about whatever was undefined.

! Missing number, treated as zero.
<to be read again> 
]
l.340   \includegraphics[width=.8\textwidth]
                                          {fig/angular-scope}
A number should have been here; I inserted `0'.
(If you can't figure out why I needed to see a number,
look up `weird error' in the index to The TeXbook.)

! Illegal unit of measure (pt inserted).
<to be read again> 
]
l.340   \includegraphics[width=.8\textwidth]
                                          {fig/angular-scope}
Dimensions can be in units of em, ex, in, pt, pc,
cm, mm, dd, cc, nd, nc, bp, or sp; but yours is a new one!
I'll assume that you meant to say pt, for printer's points.
To recover gracefully from this error, it's best to
delete the erroneous units; e.g., type `2' to delete
two letters. (See Chapter 27 of The TeXbook.)


! LaTeX Error: \caption outside float.

See the LaTeX manual or LaTeX Companion for explanation.
Type  H <return>  for immediate help.
 ...                                              
                                                  
l.341   \caption
              {View-controller binding through the scope}
You're in trouble here.  Try typing  <return>  to proceed.
If that doesn't work, type  X <return>  to quit.

! Undefined control sequence.
l.342   \captionsetup
                   {font={footnotesize,bf,it}}
The control sequence at the end of the top line
of your error message was never \def'ed. If you have
misspelled it (e.g., `\hobx'), type `I' and the correct
spelling (e.g., `I\hbox'). Otherwise just continue,
and I'll forget about whatever was undefined.


! LaTeX Error: \caption outside float.

See the LaTeX manual or LaTeX Companion for explanation.
Type  H <return>  for immediate help.
 ...                                              
                                                  
l.343   \caption
              *{source: \url{http://s.codeproject.com/}}
You're in trouble here.  Try typing  <return>  to proceed.
If that doesn't work, type  X <return>  to quit.

! Undefined control sequence.
l.343   \caption*{source: \url
                            {http://s.codeproject.com/}}
The control sequence at the end of the top line
of your error message was never \def'ed. If you have
misspelled it (e.g., `\hobx'), type `I' and the correct
spelling (e.g., `I\hbox'). Otherwise just continue,
and I'll forget about whatever was undefined.


! LaTeX Error: \begin{document} ended by \end{figure}.

See the LaTeX manual or LaTeX Companion for explanation.
Type  H <return>  for immediate help.
 ...                                              
                                                  
l.345 \end{figure}
                
Your command was ignored.
Type  I <command> <return>  to replace it with another command,
or  <return>  to continue without it.


Overfull \hbox (20.0pt too wide) in paragraph at lines 347--348
[][]In
 []


Overfull \hbox (18.01653pt too wide) in paragraph at lines 347--348
\OT1/cmr/m/it/10 Ser-
 []


Overfull \hbox (20.44427pt too wide) in paragraph at lines 347--348
\OT1/cmr/m/it/10 vices
 []


Overfull \hbox (14.19434pt too wide) in paragraph at lines 347--348
\OT1/cmr/m/it/10 Di-
 []


Overfull \hbox (15.97205pt too wide) in paragraph at lines 347--348
\OT1/cmr/m/it/10 rec-
 []


Overfull \hbox (19.67763pt too wide) in paragraph at lines 347--348
\OT1/cmr/m/it/10 tives\nullfont .
 []


Overfull \hbox (41.99963pt too wide) in paragraph at lines 347--348
\OT1/cmtt/m/n/10 ng-click
 []

! Undefined control sequence.
<write> ...ing: Reference `lst:angular1' on page \thepage 
                                                  \space undefined\on@line .
l.349 ...le is shown on algorithm \ref{lst:angular1}
                                                  . In this example. when th...
The control sequence at the end of the top line
of your error message was never \def'ed. If you have
misspelled it (e.g., `\hobx'), type `I' and the correct
spelling (e.g., `I\hbox'). Otherwise just continue,
and I'll forget about whatever was undefined.


LaTeX Warning: Reference `lst:angular1' on page  undefined on input line 349.


Overfull \hbox (20.0pt too wide) in paragraph at lines 349--350
[][]The
 []


Overfull \hbox (31.49973pt too wide) in paragraph at lines 349--350
\OT1/cmtt/m/n/10 $scope
 []


Overfull \hbox (10.86105pt too wide) in paragraph at lines 349--350
[].
 []


Overfull \hbox (31.49973pt too wide) in paragraph at lines 349--350
\OT1/cmtt/m/n/10 change
 []


Overfull \hbox (20.99982pt too wide) in paragraph at lines 349--350
\OT1/cmtt/m/n/10 text
 []


! LaTeX Error: Environment listing undefined.

See the LaTeX manual or LaTeX Companion for explanation.
Type  H <return>  for immediate help.
 ...                                              
                                                  
l.351 \begin{listing}
                   \centering
Your command was ignored.
Type  I <command> <return>  to replace it with another command,
or  <return>  to continue without it.


! LaTeX Error: Environment minted undefined.

See the LaTeX manual or LaTeX Companion for explanation.
Type  H <return>  for immediate help.
 ...                                              
                                                  
l.353     \begin{minted}
                      [linenos=true,mathescape,gobble=6]{html}
Your command was ignored.
Type  I <command> <return>  to replace it with another command,
or  <return>  to continue without it.

! Missing } inserted.
<inserted text> 
}
l.363 	         $
               scope.text = 'No text yet';
I've inserted something that you may have forgotten.
(See the <inserted text> above.)
With luck, this will get me unwedged. But if you
really didn't forget anything, try typing `2' now; then
my insertion and my current dilemma will both disappear.

! Missing } inserted.
<inserted text> 
}
l.365 	           $
                 scope.text = 'Button has been clicked';
I've inserted something that you may have forgotten.
(See the <inserted text> above.)
With luck, this will get me unwedged. But if you
really didn't forget anything, try typing `2' now; then
my insertion and my current dilemma will both disappear.

! Extra }, or forgotten \endgroup.
l.366 	         }
               ;
I've deleted a group-closing symbol because it seems to be
spurious, as in `$x}$'. But perhaps the } is legitimate and
you forgot something else, as in `\hbox{$x}'. In such cases
the way to recover is to insert both the forgotten and the
deleted material, e.g., by typing `I$}'.

! Extra }, or forgotten \endgroup.
l.367 	       }
             );
I've deleted a group-closing symbol because it seems to be
spurious, as in `$x}$'. But perhaps the } is legitimate and
you forgot something else, as in `\hbox{$x}'. In such cases
the way to recover is to insert both the forgotten and the
deleted material, e.g., by typing `I$}'.


! LaTeX Error: \begin{minipage} on input line 352 ended by \end{minted}.

See the LaTeX manual or LaTeX Companion for explanation.
Type  H <return>  for immediate help.
 ...                                              
                                                  
l.369     \end{minted}
                    
Your command was ignored.
Type  I <command> <return>  to replace it with another command,
or  <return>  to continue without it.


! LaTeX Error: \caption outside float.

See the LaTeX manual or LaTeX Companion for explanation.
Type  H <return>  for immediate help.
 ...                                              
                                                  
l.371   \caption
              {AngularJS example.}\label{lst:angular1}
You're in trouble here.  Try typing  <return>  to proceed.
If that doesn't work, type  X <return>  to quit.


! LaTeX Error: \begin{document} ended by \end{listing}.

See the LaTeX manual or LaTeX Companion for explanation.
Type  H <return>  for immediate help.
 ...                                              
                                                  
l.372 \end{listing}
                 
Your command was ignored.
Type  I <command> <return>  to replace it with another command,
or  <return>  to continue without it.


Overfull \hbox (4915.24998pt too wide) in paragraph at lines 352--373
[][]$[]$
 []

! Undefined control sequence.
l.374 \subsection
               *{Modules}
The control sequence at the end of the top line
of your error message was never \def'ed. If you have
misspelled it (e.g., `\hobx'), type `I' and the correct
spelling (e.g., `I\hbox'). Otherwise just continue,
and I'll forget about whatever was undefined.


Overfull \hbox (20.0pt too wide) in paragraph at lines 374--375
[][]*Modules 
 []

! Undefined control sequence.
\@footnotetext ...tins {\reset@font \footnotesize 
                                                  \interlinepenalty \interfo...
l.376 ...es such as bower\footnote{http://bower.io/}
                                                  , have been built.
The control sequence at the end of the top line
of your error message was never \def'ed. If you have
misspelled it (e.g., `\hobx'), type `I' and the correct
spelling (e.g., `I\hbox'). Otherwise just continue,
and I'll forget about whatever was undefined.

! Undefined control sequence.
\@footnotetext ...}\color@begingroup \@makefntext 
                                                  {\rule \z@ \footnotesep \i...
l.376 ...es such as bower\footnote{http://bower.io/}
                                                  , have been built.
The control sequence at the end of the top line
of your error message was never \def'ed. If you have
misspelled it (e.g., `\hobx'), type `I' and the correct
spelling (e.g., `I\hbox'). Otherwise just continue,
and I'll forget about whatever was undefined.


Overfull \hbox (72.80573pt too wide) in paragraph at lines 376--376
[][][]\OT1/cmr/m/n/10 http://bower.io/| 
 []


Overfull \hbox (20.0pt too wide) in paragraph at lines 376--377
[][]Similar
 []


Overfull \hbox (4.48613pt too wide) in paragraph at lines 376--377
bower[],
 []


Overfull \hbox (20.0pt too wide) in paragraph at lines 378--379
[][]There
 []


Overfull \hbox (20.0pt too wide) in paragraph at lines 380--381
[][]For
 []


! LaTeX Error: Environment description undefined.

See the LaTeX manual or LaTeX Companion for explanation.
Type  H <return>  for immediate help.
 ...                                              
                                                  
l.382 \begin{description}
                       
Your command was ignored.
Type  I <command> <return>  to replace it with another command,
or  <return>  to continue without it.


! LaTeX Error: \begin{document} ended by \end{description}.

See the LaTeX manual or LaTeX Companion for explanation.
Type  H <return>  for immediate help.
 ...                                              
                                                  
l.384 \end{description}
                     
Your command was ignored.
Type  I <command> <return>  to replace it with another command,
or  <return>  to continue without it.

)
! Emergency stop.
<*> technological-research.tex
                           
*** (job aborted, no legal \end found)



Here is how much of LuaTeX's memory you used:
 73 strings out of 493803
 156263,552014 words of node,token memory allocated 154013 words of node memory still in use:
   585 hlist, 10 vlist, 2 rule, 1 ins, 21 disc, 34 math, 4643 glue, 85 kern, 345
 penalty, 20668 glyph, 1 page_insert, 801 glue_spec, 15 write, 137 local_par, 1 
dir nodes
   avail lists: 1:1,2:13,3:14,4:15,6:1,7:138,10:96
 3982 multiletter control sequences out of 65536+600000
 28 fonts using 1112631 bytes
 20i,5n,26p,943b,139s stack positions out of 5000i,500n,10000p,200000b,100000s
!  ==> Fatal error occurred, no output PDF file produced!
