\BOOKMARK [0][]{chapter.1}{\376\377\000I\000n\000t\000r\000o\000d\000u\000c\000t\000i\000o\000n}{}% 1
\BOOKMARK [1][]{section.1.1}{\376\377\000T\000h\000e\000\040\000S\000e\000m\000a\000n\000t\000i\000c\000\040\000W\000e\000b}{chapter.1}% 2
\BOOKMARK [2][]{subsection.1.1.1}{\376\377\000I\000n\000t\000r\000o\000d\000u\000c\000t\000i\000o\000n\000\040\000t\000o\000\040\000R\000D\000F}{section.1.1}% 3
\BOOKMARK [2][]{subsection.1.1.2}{\376\377\000I\000n\000t\000r\000o\000d\000u\000c\000t\000i\000o\000n\000\040\000t\000o\000\040\000O\000n\000t\000o\000l\000o\000g\000i\000e\000s}{section.1.1}% 4
\BOOKMARK [1][]{section.1.2}{\376\377\000I\000n\000t\000r\000o\000d\000u\000c\000t\000i\000o\000n\000\040\000t\000o\000\040\000G\000I\000S\000\040\000s\000y\000s\000t\000e\000m\000s}{chapter.1}% 5
\BOOKMARK [0][]{chapter.2}{\376\377\000P\000r\000o\000j\000e\000c\000t\000\040\000G\000o\000a\000l\000s}{}% 6
\BOOKMARK [0][]{chapter.3}{\376\377\000T\000e\000c\000h\000n\000o\000l\000o\000g\000i\000c\000a\000l\000\040\000R\000e\000s\000e\000a\000r\000c\000h}{}% 7
\BOOKMARK [1][]{section.3.1}{\376\377\000O\000v\000e\000r\000v\000i\000e\000w}{chapter.3}% 8
\BOOKMARK [1][]{section.3.2}{\376\377\000R\000D\000F}{chapter.3}% 9
\BOOKMARK [1][]{section.3.3}{\376\377\000O\000W\000L}{chapter.3}% 10
\BOOKMARK [1][]{section.3.4}{\376\377\000S\000P\000A\000R\000Q\000L}{chapter.3}% 11
\BOOKMARK [1][]{section.3.5}{\376\377\000G\000e\000o\000S\000P\000A\000R\000Q\000L}{chapter.3}% 12
\BOOKMARK [1][]{section.3.6}{\376\377\000N\000o\000d\000e\000J\000S}{chapter.3}% 13
\BOOKMARK [1][]{section.3.7}{\376\377\000L\000e\000a\000f\000l\000e\000t}{chapter.3}% 14
\BOOKMARK [1][]{section.3.8}{\376\377\000P\000h\000o\000n\000e\000g\000a\000p}{chapter.3}% 15
\BOOKMARK [1][]{section.3.9}{\376\377\000G\000P\000X}{chapter.3}% 16
\BOOKMARK [1][]{section.3.10}{\376\377\000G\000e\000o\000J\000S\000O\000N}{chapter.3}% 17
\BOOKMARK [0][]{chapter.4}{\376\377\000R\000e\000q\000u\000i\000r\000e\000m\000e\000n\000t\000s\000\040\000S\000p\000e\000c\000i\000f\000i\000c\000a\000t\000i\000o\000n}{}% 18
\BOOKMARK [1][]{section.4.1}{\376\377\000O\000v\000e\000r\000v\000i\000e\000w}{chapter.4}% 19
\BOOKMARK [1][]{section.4.2}{\376\377\000R\000e\000q\000u\000i\000r\000e\000m\000e\000n\000t\000s\000\040\000f\000o\000r\000\040\000t\000h\000e\000\040\000o\000n\000t\000o\000l\000o\000g\000y}{chapter.4}% 20
\BOOKMARK [1][]{section.4.3}{\376\377\000R\000e\000q\000u\000i\000r\000e\000m\000e\000n\000t\000s\000\040\000s\000p\000e\000c\000i\000f\000i\000c\000a\000t\000i\000o\000n\000\040\000f\000o\000r\000\040\000t\000h\000e\000\040\000s\000e\000r\000v\000e\000r}{chapter.4}% 21
\BOOKMARK [1][]{section.4.4}{\376\377\000R\000e\000q\000u\000i\000r\000e\000m\000e\000n\000t\000s\000\040\000o\000f\000\040\000t\000h\000e\000\040\000w\000e\000b\000\040\000a\000p\000p\000l\000i\000c\000a\000t\000i\000o\000n}{chapter.4}% 22
\BOOKMARK [1][]{section.4.5}{\376\377\000R\000e\000q\000u\000i\000r\000e\000m\000e\000n\000t\000s\000\040\000o\000f\000\040\000t\000h\000e\000\040\000m\000o\000b\000i\000l\000e\000\040\000a\000p\000p\000l\000i\000c\000a\000t\000i\000o\000n}{chapter.4}% 23
\BOOKMARK [1][]{section.4.6}{\376\377\000N\000o\000n\000-\000f\000u\000n\000c\000t\000i\000o\000n\000a\000l\000\040\000r\000e\000q\000u\000i\000r\000e\000m\000e\000n\000t\000s}{chapter.4}% 24
\BOOKMARK [0][]{chapter.5}{\376\377\000D\000e\000s\000i\000g\000n\000\040\000s\000p\000e\000c\000i\000f\000i\000c\000a\000t\000i\000o\000n}{}% 25
\BOOKMARK [0][]{chapter.6}{\376\377\000I\000m\000p\000l\000e\000m\000e\000n\000t\000a\000t\000i\000o\000n\000\040\000d\000e\000t\000a\000i\000l\000s}{}% 26
\BOOKMARK [0][]{chapter.7}{\376\377\000T\000e\000s\000t\000i\000n\000g}{}% 27
\BOOKMARK [0][]{chapter.8}{\376\377\000U\000s\000e\000r\000\040\000g\000u\000i\000d\000e}{}% 28
\BOOKMARK [0][]{chapter.9}{\376\377\000C\000o\000n\000c\000l\000u\000s\000i\000o\000n\000s\000\040\000a\000n\000d\000\040\000f\000u\000t\000u\000r\000e\000\040\000l\000i\000n\000e\000s\000\040\000o\000f\000\040\000w\000o\000r\000k}{}% 29
\BOOKMARK [0][]{chapter*.12}{\376\377\000B\000i\000b\000l\000i\000o\000g\000r\000a\000p\000h\000y}{}% 30
